C51 COMPILER V9.54   USERMAIN                                                              12/08/2017 10:55:19 PAGE 1   


C51 COMPILER V9.54, COMPILATION OF MODULE USERMAIN
OBJECT MODULE PLACED IN .\Objects\UserMain.obj
COMPILER INVOKED BY: D:\Keil\Software\C51\BIN\C51.EXE User\UserMain.c OMF2 OPTIMIZE(8,SPEED) BROWSE INCDIR(..\faultSet;.
                    -\User;.\Hardware;.\StdPeriph_Driver) DEBUG PRINT(.\Listings\UserMain.lst) TABS(3) OBJECT(.\Objects\UserMain.obj)

line level    source

   1          #include <Includes.H>
   2          
   3          u8 BD_addr,BD_type;  //设故板主板地址及类型
   4          
   5          void mainFunActive(void){
   6   1      #if(DEBUG == ENABLE)
   7   1      const u8 LOGSIZE = 60;
   8   1      xdata u8 Disp_log[60] = {0};
   9   1      xdata u8 temp_log[10] = {0};
  10   1      xdata u8 loop;
  11   1      #endif
  12   1      #if(FUN_BOOTUP == MODE_A)     //启动行为：正常启动
  13   1         static u8 relayControlDats[RELAYDATS_SIZE];
  14   1      #if(RELAYDATS_CORRECT == 1)
  15   1         u8 temp[RELAYDATS_SIZE];
  16   1      #endif
  17   1         BD_addr = Localaddr_get();    //读地址
  18   1         BD_type = LocalBDType_get();  //读类型
  19   1      
  20   1         memset(Disp_log,0,LOGSIZE * sizeof(u8));
  21   1         sprintf(Disp_log,"设故板参数已读取");
  22   1         Debug_log(Disp_log);
  23   1      
  24   1         Beep_time(200,100);     //开机提示
  25   1         Beep_time(200,100);
  26   1         
  27   1         while(1){
  28   2            
  29   2            frameInsAccept();    //数据验收
  30   2         
  31   2            if(!memcmp(relayControlDats,COREDATS,RELAYDATS_SIZE)){   //是否为新数据
  32   3            
  33   3               memcpy(relayControlDats,COREDATS,RELAYDATS_SIZE);  //更新数据
  34   3      #if(DEBUG == ENABLE)
  35   3               memset(Disp_log,0,LOGSIZE * sizeof(u8));
  36   3               sprintf(Disp_log,"设故板数据已更新：");
  37   3               for(loop = 0;loop < RELAYDATS_SIZE;loop ++){
  38   4                  
  39   4                  sprintf(temp_log,"%02X",relayControlDats[loop]);
  40   4                  strcat(Disp_log,temp_log);
  41   4               }
  42   3               Debug_log(Disp_log);
  43   3      #endif
  44   3               Beep_time(80,40);    //更新提示
  45   3               Beep_time(80,40);
  46   3               
  47   3               Frame595Clr(RELAYDATS_SIZE);  //设故板数据清除
  48   3      #if(RELAYDATS_CORRECT == 1)      //是否需要进行倒序更正
  49   3               BytesReverse(relayControlDats,temp,RELAYDATS_SIZE);   
  50   3               Frame595Send(temp,RELAYDATS_SIZE);     //设故板执行倒序更正后的更新数据
  51   3      #endif         
  52   3               Frame595Send(relayControlDats,RELAYDATS_SIZE);  //设故板执行更新数据
  53   3            }
  54   2         }
C51 COMPILER V9.54   USERMAIN                                                              12/08/2017 10:55:19 PAGE 2   

  55   1      #elif(FUN_BOOTUP == MODE_B)   //启动行为：写入设故板类型
                 u8 relayBoradType = BOARD_TYPE;
                 
                 EEPROM_SectorErase(0);
                 delay_ms(20);
                 EEPROM_write_n(0,&relayBoradType,1);
                 delay_ms(20);
                 
                 Beep_time(200,100);     //类型更新提示
                 Beep_time(200,100);
              #endif
  66   1      }
  67          
  68          int main(void){
  69   1         
  70   1         Bsp_Init();
  71   1         
  72   1         mainFunActive();
  73   1         
  74   1         return 0;
  75   1      }


MODULE INFORMATION:   STATIC OVERLAYABLE
   CODE SIZE        =    334    ----
   CONSTANT SIZE    =    109    ----
   XDATA SIZE       =   ----      71
   PDATA SIZE       =   ----    ----
   DATA SIZE        =     18      17
   IDATA SIZE       =   ----    ----
   BIT SIZE         =   ----    ----
   EDATA SIZE       =   ----    ----
   HDATA SIZE       =   ----    ----
   XDATA CONST SIZE =   ----    ----
   FAR CONST SIZE   =   ----    ----
END OF MODULE INFORMATION.


C51 COMPILATION COMPLETE.  0 WARNING(S),  0 ERROR(S)
